; Top Design: "Coupler_lib:Coupler_schematic:schematic"
; Netlisted using Hierarchy Policy: "Standard"

Options ResourceUsage=yes UseNutmegFormat=no EnableOptim=no TopDesignName="Coupler_lib:Coupler_schematic:schematic" DcopOutputNodeVoltages=yes DcopOutputPinCurrents=yes DcopOutputAllSweepPoints=no DcopOutputDcopType=0
model MSub1 MSUB H=1.5 mm Er=4.5 Mur=1 Cond=1.0E+50 Hu=1e+33 mm T=0.035 mm TanD=0 Rough=0 mm DielectricLossModel=1 FreqForEpsrTanD=1.0 GHz LowFreqForTanD=1.0 kHz HighFreqForTanD=1.0 THz RoughnessModel=2 
MCLIN:CLin1  N__0 N__1 N__3 N__2 Subst="MSub1" W=W mm S=S mm L=L mm 
MCORN:Corn1  N__2 N__6 Subst="MSub1" W=W mm 
MCORN:Corn3  N__7 N__0 Subst="MSub1" W=W mm 

L=20.480800
S=1.97837 tune{ 0.125 to 10 by 0.025 }
W=2.734280
S_Param:SP1 CalcS=yes CalcY=no CalcZ=no GroupDelayAperture=1e-4 FreqConversion=no FreqConversionPort=1 StatusLevel=2 CalcNoise=no SortNoise=0 BandwidthForNoise=1.0 Hz DevOpPtLevel=0 \
SweepVar="freq" SweepPlan="SP1_stim" OutputPlan="SP1_Output" 

SweepPlan: SP1_stim Start=1.0 GHz Stop=3 GHz Step=1 MHz 

OutputPlan:SP1_Output \
      Type="Output" \
      UseEquationNestLevel=yes \
      EquationNestLevel=2 \
      UseSavedEquationNestLevel=yes \
      SavedEquationNestLevel=2

#load "python","LinearCollapse"
Component Module="LinearCollapse" Type="ModelExtractor" NetworkRepresentation=2
MCORN:Corn5  N__1 N__8 Subst="MSub1" W=W mm 
MCORN:Corn6  N__11 N__3 Subst="MSub1" W=W mm 
MLIN2:TL2  N__5 N__6 Subst="MSub1" W=W mm L=L mm Wall1=2.5e+28 mm Wall2=2.5e+28 mm Mod=1 
MLIN2:TL3  N__12 N__7 Subst="MSub1" W=W mm L=L mm Wall1=2.5e+28 mm Wall2=2.5e+28 mm Mod=1 
MLIN2:TL4  N__8 N__15 Subst="MSub1" W=W mm L=L mm Wall1=2.5e+28 mm Wall2=2.5e+28 mm Mod=1 
MLIN2:TL5  N__11 N__17 Subst="MSub1" W=W mm L=L mm Wall1=2.5e+28 mm Wall2=2.5e+28 mm Mod=1 
Port:Term1  N__5 0 Num=1 Z=50 Ohm Noise=yes 
Port:Term2  N__12 0 Num=2 Z=50 Ohm Noise=yes 
Port:Term4  N__15 0 Num=4 Z=50 Ohm Noise=yes 
Port:Term3  N__17 0 Num=3 Z=50 Ohm Noise=yes 
